[bam_fillmd1] different MD for read 'GWNJ-0965:528:GW200105000:8:2214:25256:3577': '0C76C72' -> '0C76R72'
[bam_fillmd1] different MD for read 'GWNJ-0965:528:GW200105000:8:2212:14793:20436': '3C71C74' -> '3C71R74'
[bam_fillmd1] different MD for read 'GWNJ-0965:528:GW200105000:8:2209:6837:15303': '66C83' -> '66R83'
[bam_fillmd1] different MD for read 'GWNJ-0965:528:GW200105000:8:2208:22008:32971': '63C86' -> '63R86'
[bam_fillmd1] different MD for read 'GWNJ-0965:528:GW200105000:8:1209:21085:7216': '60C89' -> '60R89'
[bam_fillmd1] different MD for read 'GWNJ-0965:528:GW200105000:8:1221:21024:22018': '59C90' -> '59R90'
[bam_fillmd1] different MD for read 'GWNJ-0965:528:GW200105000:8:1117:22901:28962': '56C93' -> '56R93'
[bam_fillmd1] different MD for read 'GWNJ-0965:528:GW200105000:8:1221:21024:22018': '51C98' -> '51R98'
[bam_fillmd1] different MD for read 'GWNJ-0965:528:GW200105000:8:1223:18122:46595': '45C99C4' -> '45R99C4'
[bam_fillmd1] different MD for read 'GWNJ-0965:528:GW200105000:8:1120:8806:16639': '32C99C17' -> '32R99C17'
[bam_fillmd1] different MD for read 'GWNJ-0965:528:GW200105000:8:1212:29082:27574': '25C99C24' -> '25R99C24'
[bam_fillmd1] different MD for read 'GWNJ-0965:528:GW200105000:8:1215:20040:71612': '16C99C28' -> '16R99C28'
[bam_fillmd1] different MD for read 'GWNJ-0965:528:GW200105000:8:1215:20040:71612': '16C99C28' -> '16R99C28'
[bam_fillmd1] different MD for read 'GWNJ-0965:528:GW200105000:8:1118:23916:55543': '4C99C38G6' -> '4R99C38G6'
[bam_fillmd1] different MD for read 'GWNJ-0965:528:GW200105000:8:1209:21085:7216': '0C5G26T4A61C49' -> '0R5G26T4A61C49'
[bam_fillmd1] different MD for read 'GWNJ-0965:528:GW200105000:8:2214:25256:3577': '0C76C72' -> '0C76R72'
[bam_fillmd1] different MD for read 'GWNJ-0965:528:GW200105000:8:2212:14793:20436': '3C71C74' -> '3C71R74'
[bam_fillmd1] different MD for read 'GWNJ-0965:528:GW200105000:8:2209:6837:15303': '66C83' -> '66R83'
[bam_fillmd1] different MD for read 'GWNJ-0965:528:GW200105000:8:2208:22008:32971': '63C86' -> '63R86'
[bam_fillmd1] different MD for read 'GWNJ-0965:528:GW200105000:8:1209:21085:7216': '60C89' -> '60R89'
[bam_fillmd1] different MD for read 'GWNJ-0965:528:GW200105000:8:1221:21024:22018': '59C90' -> '59R90'
[bam_fillmd1] different MD for read 'GWNJ-0965:528:GW200105000:8:1117:22901:28962': '56C93' -> '56R93'
[bam_fillmd1] different MD for read 'GWNJ-0965:528:GW200105000:8:1221:21024:22018': '51C98' -> '51R98'
[bam_fillmd1] different MD for read 'GWNJ-0965:528:GW200105000:8:1223:18122:46595': '45C99C4' -> '45R99C4'
[bam_fillmd1] different MD for read 'GWNJ-0965:528:GW200105000:8:1120:8806:16639': '32C99C17' -> '32R99C17'
[bam_fillmd1] different MD for read 'GWNJ-0965:528:GW200105000:8:1212:29082:27574': '25C99C24' -> '25R99C24'
[bam_fillmd1] different MD for read 'GWNJ-0965:528:GW200105000:8:1215:20040:71612': '16C99C28' -> '16R99C28'
[bam_fillmd1] different MD for read 'GWNJ-0965:528:GW200105000:8:1215:20040:71612': '16C99C28' -> '16R99C28'
[bam_fillmd1] different MD for read 'GWNJ-0965:528:GW200105000:8:1118:23916:55543': '4C99C38G6' -> '4R99C38G6'
[bam_fillmd1] different MD for read 'GWNJ-0965:528:GW200105000:8:1209:21085:7216': '0C5G26T4A61C49' -> '0R5G26T4A61C49'
[bam_fillmd1] different MD for read 'GWNJ-0901:566:GW1912172731st:4:2218:20679:48705': '52C97' -> '52R97'
[bam_fillmd1] different MD for read 'GWNJ-0901:566:GW1912172731st:4:2218:20679:48705': '2C99C47' -> '2R99C47'
[bam_fillmd1] different MD for read 'GWNJ-0901:566:GW1912172731st:4:2218:20679:48705': '52C97' -> '52R97'
[bam_fillmd1] different MD for read 'GWNJ-0901:566:GW1912172731st:4:2218:20679:48705': '2C99C47' -> '2R99C47'
