[bam_fillmd1] different NM for read 'GWNJ-0965:528:GW200105000:8:2219:5274:48740': 1 -> 2
[bam_fillmd1] different MD for read 'GWNJ-0965:528:GW200105000:8:2219:5274:48740': '145G4' -> '140R4G4'
[bam_fillmd1] different NM for read 'GWNJ-0965:528:GW200105000:8:2218:7009:19540': 1 -> 2
[bam_fillmd1] different MD for read 'GWNJ-0965:528:GW200105000:8:2218:7009:19540': '143G6' -> '138R4G6'
[bam_fillmd1] different NM for read 'GWNJ-0965:528:GW200105000:8:1209:15625:68711': 1 -> 2
[bam_fillmd1] different MD for read 'GWNJ-0965:528:GW200105000:8:1209:15625:68711': '121G28' -> '116R4G28'
[bam_fillmd1] different NM for read 'GWNJ-0965:528:GW200105000:8:1214:5741:7954': 14 -> 15
[bam_fillmd1] different MD for read 'GWNJ-0965:528:GW200105000:8:1214:5741:7954': '4T1T14A0T10T15T9A1T2A2G0C0A6T35G37' -> '4T1T14A0T10T15T9A1T2A2G0C0A6T30R4G37'
[bam_fillmd1] different NM for read 'GWNJ-0965:528:GW200105000:8:1118:17634:13861': 3 -> 4
[bam_fillmd1] different MD for read 'GWNJ-0965:528:GW200105000:8:1118:17634:13861': '109G31T5T2' -> '104R4G31T5T2'
[bam_fillmd1] different NM for read 'GWNJ-0965:528:GW200105000:8:1210:30584:24128': 1 -> 2
[bam_fillmd1] different MD for read 'GWNJ-0965:528:GW200105000:8:1210:30584:24128': '109G13' -> '104R4G13'
[bam_fillmd1] different NM for read 'GWNJ-0965:528:GW200105000:8:2219:5274:48740': 1 -> 2
[bam_fillmd1] different MD for read 'GWNJ-0965:528:GW200105000:8:2219:5274:48740': '145G4' -> '140R4G4'
[bam_fillmd1] different NM for read 'GWNJ-0965:528:GW200105000:8:2218:7009:19540': 1 -> 2
[bam_fillmd1] different MD for read 'GWNJ-0965:528:GW200105000:8:2218:7009:19540': '143G6' -> '138R4G6'
[bam_fillmd1] different NM for read 'GWNJ-0965:528:GW200105000:8:1209:15625:68711': 1 -> 2
[bam_fillmd1] different MD for read 'GWNJ-0965:528:GW200105000:8:1209:15625:68711': '121G28' -> '116R4G28'
[bam_fillmd1] different NM for read 'GWNJ-0965:528:GW200105000:8:1214:5741:7954': 14 -> 15
[bam_fillmd1] different MD for read 'GWNJ-0965:528:GW200105000:8:1214:5741:7954': '4T1T14A0T10T15T9A1T2A2G0C0A6T35G37' -> '4T1T14A0T10T15T9A1T2A2G0C0A6T30R4G37'
[bam_fillmd1] different NM for read 'GWNJ-0965:528:GW200105000:8:1118:17634:13861': 3 -> 4
[bam_fillmd1] different MD for read 'GWNJ-0965:528:GW200105000:8:1118:17634:13861': '109G31T5T2' -> '104R4G31T5T2'
[bam_fillmd1] different NM for read 'GWNJ-0965:528:GW200105000:8:1210:30584:24128': 1 -> 2
[bam_fillmd1] different MD for read 'GWNJ-0965:528:GW200105000:8:1210:30584:24128': '109G13' -> '104R4G13'
[bam_fillmd1] different NM for read 'GWNJ-0901:566:GW1912172731st:4:2208:10866:61064': 1 -> 2
[bam_fillmd1] different MD for read 'GWNJ-0901:566:GW1912172731st:4:2208:10866:61064': '149G0' -> '144R4G0'
[bam_fillmd1] different NM for read 'GWNJ-0901:566:GW1912172731st:4:1103:12560:36504': 1 -> 2
[bam_fillmd1] different MD for read 'GWNJ-0901:566:GW1912172731st:4:1103:12560:36504': '146G3' -> '141R4G3'
[bam_fillmd1] different NM for read 'GWNJ-0901:566:GW1912172731st:4:1214:6329:52854': 2 -> 3
[bam_fillmd1] different MD for read 'GWNJ-0901:566:GW1912172731st:4:1214:6329:52854': '121G19G8' -> '121G14R4G8'
[bam_fillmd1] different NM for read 'GWNJ-0901:566:GW1912172731st:4:2202:22049:36873': 1 -> 2
[bam_fillmd1] different MD for read 'GWNJ-0901:566:GW1912172731st:4:2202:22049:36873': '120G29' -> '115R4G29'
[bam_fillmd1] different NM for read 'GWNJ-0901:566:GW1912172731st:4:1222:26677:36030': 2 -> 3
[bam_fillmd1] different MD for read 'GWNJ-0901:566:GW1912172731st:4:1222:26677:36030': '107G30G9' -> '102R4G30G9'
[bam_fillmd1] different NM for read 'GWNJ-0901:566:GW1912172731st:4:1222:26677:36030': 2 -> 3
[bam_fillmd1] different MD for read 'GWNJ-0901:566:GW1912172731st:4:1222:26677:36030': '107G30G9' -> '102R4G30G9'
[bam_fillmd1] different NM for read 'GWNJ-0901:566:GW1912172731st:4:2208:10866:61064': 1 -> 2
[bam_fillmd1] different MD for read 'GWNJ-0901:566:GW1912172731st:4:2208:10866:61064': '149G0' -> '144R4G0'
[bam_fillmd1] different NM for read 'GWNJ-0901:566:GW1912172731st:4:1103:12560:36504': 1 -> 2
[bam_fillmd1] different MD for read 'GWNJ-0901:566:GW1912172731st:4:1103:12560:36504': '146G3' -> '141R4G3'
[bam_fillmd1] different NM for read 'GWNJ-0901:566:GW1912172731st:4:1214:6329:52854': 2 -> 3
[bam_fillmd1] different MD for read 'GWNJ-0901:566:GW1912172731st:4:1214:6329:52854': '121G19G8' -> '121G14R4G8'
[bam_fillmd1] different NM for read 'GWNJ-0901:566:GW1912172731st:4:2202:22049:36873': 1 -> 2
[bam_fillmd1] different MD for read 'GWNJ-0901:566:GW1912172731st:4:2202:22049:36873': '120G29' -> '115R4G29'
[bam_fillmd1] different NM for read 'GWNJ-0901:566:GW1912172731st:4:1222:26677:36030': 2 -> 3
[bam_fillmd1] different MD for read 'GWNJ-0901:566:GW1912172731st:4:1222:26677:36030': '107G30G9' -> '102R4G30G9'
[bam_fillmd1] different NM for read 'GWNJ-0901:566:GW1912172731st:4:1222:26677:36030': 2 -> 3
[bam_fillmd1] different MD for read 'GWNJ-0901:566:GW1912172731st:4:1222:26677:36030': '107G30G9' -> '102R4G30G9'
