[bam_fillmd1] different MD for read 'GWNJ-1012:310:GW200515585th:1:1256:19587:34350': '66G62A20' -> '66G62Y20'
[bam_fillmd1] different MD for read 'GWNJ-1012:310:GW200515585th:1:1532:9995:12446': '22T22G4C23T4G24T5C3T2G2T2G2A2T6C13' -> '22T22G4C23T4G24T5C3T2G2T2G2Y2T6C13'
[bam_fillmd1] different MD for read 'GWNJ-1012:310:GW200515585th:1:1148:20057:16971': '125A24' -> '125Y24'
[bam_fillmd1] different MD for read 'GWNJ-1012:310:GW200515585th:1:1256:19587:34350': '66G62A20' -> '66G62Y20'
[bam_fillmd1] different MD for read 'GWNJ-1012:310:GW200515585th:1:1532:9995:12446': '22T22G4C23T4G24T5C3T2G2T2G2A2T6C13' -> '22T22G4C23T4G24T5C3T2G2T2G2Y2T6C13'
[bam_fillmd1] different MD for read 'GWNJ-1012:310:GW200515585th:1:1148:20057:16971': '125A24' -> '125Y24'
[bam_fillmd1] different MD for read 'GWNJ-1012:310:GW200515585th:1:2348:6949:29590': '143A6' -> '143Y6'
[bam_fillmd1] different MD for read 'GWNJ-1012:310:GW200515585th:1:1138:31286:20666': '135A14' -> '135Y14'
[bam_fillmd1] different MD for read 'GWNJ-1012:310:GW200515585th:1:1571:6189:6637': '135A8' -> '135Y8'
[bam_fillmd1] different MD for read 'GWNJ-1012:310:GW200515585th:1:1571:6189:6637': '135A8' -> '135Y8'
[bam_fillmd1] different MD for read 'GWNJ-1012:310:GW200515585th:1:2515:23728:30467': '131A18' -> '131Y18'
[bam_fillmd1] different MD for read 'GWNJ-1012:310:GW200515585th:1:2109:11966:32769': '121A23' -> '121Y23'
[bam_fillmd1] different MD for read 'GWNJ-1012:310:GW200515585th:1:2109:11966:32769': '121A23' -> '121Y23'
[bam_fillmd1] different MD for read 'GWNJ-1012:310:GW200515585th:1:2253:21070:21136': '121A28' -> '121Y28'
[bam_fillmd1] different MD for read 'GWNJ-1012:310:GW200515585th:1:2348:6949:29590': '143A6' -> '143Y6'
[bam_fillmd1] different MD for read 'GWNJ-1012:310:GW200515585th:1:1138:31286:20666': '135A14' -> '135Y14'
[bam_fillmd1] different MD for read 'GWNJ-1012:310:GW200515585th:1:1571:6189:6637': '135A8' -> '135Y8'
[bam_fillmd1] different MD for read 'GWNJ-1012:310:GW200515585th:1:1571:6189:6637': '135A8' -> '135Y8'
[bam_fillmd1] different MD for read 'GWNJ-1012:310:GW200515585th:1:2515:23728:30467': '131A18' -> '131Y18'
[bam_fillmd1] different MD for read 'GWNJ-1012:310:GW200515585th:1:2109:11966:32769': '121A23' -> '121Y23'
[bam_fillmd1] different MD for read 'GWNJ-1012:310:GW200515585th:1:2109:11966:32769': '121A23' -> '121Y23'
[bam_fillmd1] different MD for read 'GWNJ-1012:310:GW200515585th:1:2253:21070:21136': '121A28' -> '121Y28'
[bam_fillmd1] different MD for read 'GWNJ-1012:310:GW200515585th:1:1256:19587:34350': '66G62A20' -> '66G62Y20'
[bam_fillmd1] different MD for read 'GWNJ-1012:310:GW200515585th:1:1532:9995:12446': '22T22G4C23T4G24T5C3T2G2T2G2A2T6C13' -> '22T22G4C23T4G24T5C3T2G2T2G2Y2T6C13'
[bam_fillmd1] different MD for read 'GWNJ-1012:310:GW200515585th:1:1148:20057:16971': '125A24' -> '125Y24'
[bam_fillmd1] different MD for read 'GWNJ-1012:310:GW200515585th:1:1256:19587:34350': '66G62A20' -> '66G62Y20'
[bam_fillmd1] different MD for read 'GWNJ-1012:310:GW200515585th:1:1532:9995:12446': '22T22G4C23T4G24T5C3T2G2T2G2A2T6C13' -> '22T22G4C23T4G24T5C3T2G2T2G2Y2T6C13'
[bam_fillmd1] different MD for read 'GWNJ-1012:310:GW200515585th:1:1148:20057:16971': '125A24' -> '125Y24'
[bam_fillmd1] different MD for read 'GWNJ-1012:310:GW200515585th:1:2348:6949:29590': '143A6' -> '143Y6'
[bam_fillmd1] different MD for read 'GWNJ-1012:310:GW200515585th:1:1138:31286:20666': '135A14' -> '135Y14'
[bam_fillmd1] different MD for read 'GWNJ-1012:310:GW200515585th:1:1571:6189:6637': '135A8' -> '135Y8'
[bam_fillmd1] different MD for read 'GWNJ-1012:310:GW200515585th:1:1571:6189:6637': '135A8' -> '135Y8'
[bam_fillmd1] different MD for read 'GWNJ-1012:310:GW200515585th:1:2515:23728:30467': '131A18' -> '131Y18'
[bam_fillmd1] different MD for read 'GWNJ-1012:310:GW200515585th:1:2109:11966:32769': '121A23' -> '121Y23'
[bam_fillmd1] different MD for read 'GWNJ-1012:310:GW200515585th:1:2109:11966:32769': '121A23' -> '121Y23'
[bam_fillmd1] different MD for read 'GWNJ-1012:310:GW200515585th:1:2253:21070:21136': '121A28' -> '121Y28'
[bam_fillmd1] different MD for read 'GWNJ-1012:310:GW200515585th:1:2348:6949:29590': '143A6' -> '143Y6'
[bam_fillmd1] different MD for read 'GWNJ-1012:310:GW200515585th:1:1138:31286:20666': '135A14' -> '135Y14'
[bam_fillmd1] different MD for read 'GWNJ-1012:310:GW200515585th:1:1571:6189:6637': '135A8' -> '135Y8'
[bam_fillmd1] different MD for read 'GWNJ-1012:310:GW200515585th:1:1571:6189:6637': '135A8' -> '135Y8'
[bam_fillmd1] different MD for read 'GWNJ-1012:310:GW200515585th:1:2515:23728:30467': '131A18' -> '131Y18'
[bam_fillmd1] different MD for read 'GWNJ-1012:310:GW200515585th:1:2109:11966:32769': '121A23' -> '121Y23'
[bam_fillmd1] different MD for read 'GWNJ-1012:310:GW200515585th:1:2109:11966:32769': '121A23' -> '121Y23'
[bam_fillmd1] different MD for read 'GWNJ-1012:310:GW200515585th:1:2253:21070:21136': '121A28' -> '121Y28'
[bam_fillmd1] different NM for read 'GWNJ-1012:310:GW200515585th:1:1119:26304:6997': 1 -> 2
[bam_fillmd1] different MD for read 'GWNJ-1012:310:GW200515585th:1:1119:26304:6997': '10A136' -> '10A135N0'
[bam_fillmd1] different NM for read 'GWNJ-1012:310:GW200515585th:1:2531:1886:28995': 0 -> 1
[bam_fillmd1] different MD for read 'GWNJ-1012:310:GW200515585th:1:2531:1886:28995': '124' -> '123N0'
[bam_fillmd1] different NM for read 'GWNJ-1012:310:GW200515585th:1:2248:15546:34992': 0 -> 1
[bam_fillmd1] different MD for read 'GWNJ-1012:310:GW200515585th:1:2248:15546:34992': '94' -> '93N0'
[bam_fillmd1] different NM for read 'GWNJ-1012:310:GW200515585th:1:1119:26304:6997': 1 -> 2
[bam_fillmd1] different MD for read 'GWNJ-1012:310:GW200515585th:1:1119:26304:6997': '10A136' -> '10A135N0'
[bam_fillmd1] different NM for read 'GWNJ-1012:310:GW200515585th:1:2531:1886:28995': 0 -> 1
[bam_fillmd1] different MD for read 'GWNJ-1012:310:GW200515585th:1:2531:1886:28995': '124' -> '123N0'
[bam_fillmd1] different NM for read 'GWNJ-1012:310:GW200515585th:1:2248:15546:34992': 0 -> 1
[bam_fillmd1] different MD for read 'GWNJ-1012:310:GW200515585th:1:2248:15546:34992': '94' -> '93N0'
[bam_fillmd1] different NM for read 'GWNJ-1012:310:GW200515585th:1:2666:10863:29731': 0 -> 1
[bam_fillmd1] different MD for read 'GWNJ-1012:310:GW200515585th:1:2666:10863:29731': '118' -> '117N0'
[bam_fillmd1] different NM for read 'GWNJ-1012:310:GW200515585th:1:2306:10782:25833': 0 -> 1
[bam_fillmd1] different MD for read 'GWNJ-1012:310:GW200515585th:1:2306:10782:25833': '103' -> '102N0'
[bam_fillmd1] different NM for read 'GWNJ-1012:310:GW200515585th:1:1673:29044:3975': 0 -> 1
[bam_fillmd1] different MD for read 'GWNJ-1012:310:GW200515585th:1:1673:29044:3975': '102' -> '101N0'
[bam_fillmd1] different NM for read 'GWNJ-1012:310:GW200515585th:1:2607:4607:10692': 0 -> 1
[bam_fillmd1] different MD for read 'GWNJ-1012:310:GW200515585th:1:2607:4607:10692': '99' -> '98N0'
[bam_fillmd1] different NM for read 'GWNJ-1012:310:GW200515585th:1:1355:26024:14340': 0 -> 1
[bam_fillmd1] different MD for read 'GWNJ-1012:310:GW200515585th:1:1355:26024:14340': '97' -> '96N0'
[bam_fillmd1] different NM for read 'GWNJ-1012:310:GW200515585th:1:1355:26024:14340': 0 -> 1
[bam_fillmd1] different MD for read 'GWNJ-1012:310:GW200515585th:1:1355:26024:14340': '89' -> '88N0'
[bam_fillmd1] different NM for read 'GWNJ-1012:310:GW200515585th:1:2309:7220:1564': 2 -> 3
[bam_fillmd1] different MD for read 'GWNJ-1012:310:GW200515585th:1:2309:7220:1564': '1T17A61' -> '1T17A60N0'
[bam_fillmd1] different NM for read 'GWNJ-1012:310:GW200515585th:1:2666:10863:29731': 0 -> 1
[bam_fillmd1] different MD for read 'GWNJ-1012:310:GW200515585th:1:2666:10863:29731': '118' -> '117N0'
[bam_fillmd1] different NM for read 'GWNJ-1012:310:GW200515585th:1:2306:10782:25833': 0 -> 1
[bam_fillmd1] different MD for read 'GWNJ-1012:310:GW200515585th:1:2306:10782:25833': '103' -> '102N0'
[bam_fillmd1] different NM for read 'GWNJ-1012:310:GW200515585th:1:1673:29044:3975': 0 -> 1
[bam_fillmd1] different MD for read 'GWNJ-1012:310:GW200515585th:1:1673:29044:3975': '102' -> '101N0'
[bam_fillmd1] different NM for read 'GWNJ-1012:310:GW200515585th:1:2607:4607:10692': 0 -> 1
[bam_fillmd1] different MD for read 'GWNJ-1012:310:GW200515585th:1:2607:4607:10692': '99' -> '98N0'
[bam_fillmd1] different NM for read 'GWNJ-1012:310:GW200515585th:1:1355:26024:14340': 0 -> 1
[bam_fillmd1] different MD for read 'GWNJ-1012:310:GW200515585th:1:1355:26024:14340': '97' -> '96N0'
[bam_fillmd1] different NM for read 'GWNJ-1012:310:GW200515585th:1:1355:26024:14340': 0 -> 1
[bam_fillmd1] different MD for read 'GWNJ-1012:310:GW200515585th:1:1355:26024:14340': '89' -> '88N0'
[bam_fillmd1] different NM for read 'GWNJ-1012:310:GW200515585th:1:2309:7220:1564': 2 -> 3
[bam_fillmd1] different MD for read 'GWNJ-1012:310:GW200515585th:1:2309:7220:1564': '1T17A61' -> '1T17A60N0'
[bam_fillmd1] different NM for read 'GWNJ-1012:310:GW200515585th:1:1119:26304:6997': 1 -> 2
[bam_fillmd1] different MD for read 'GWNJ-1012:310:GW200515585th:1:1119:26304:6997': '10A136' -> '10A135N0'
[bam_fillmd1] different NM for read 'GWNJ-1012:310:GW200515585th:1:2531:1886:28995': 0 -> 1
[bam_fillmd1] different MD for read 'GWNJ-1012:310:GW200515585th:1:2531:1886:28995': '124' -> '123N0'
[bam_fillmd1] different NM for read 'GWNJ-1012:310:GW200515585th:1:2248:15546:34992': 0 -> 1
[bam_fillmd1] different MD for read 'GWNJ-1012:310:GW200515585th:1:2248:15546:34992': '94' -> '93N0'
[bam_fillmd1] different NM for read 'GWNJ-1012:310:GW200515585th:1:1119:26304:6997': 1 -> 2
[bam_fillmd1] different MD for read 'GWNJ-1012:310:GW200515585th:1:1119:26304:6997': '10A136' -> '10A135N0'
[bam_fillmd1] different NM for read 'GWNJ-1012:310:GW200515585th:1:2531:1886:28995': 0 -> 1
[bam_fillmd1] different MD for read 'GWNJ-1012:310:GW200515585th:1:2531:1886:28995': '124' -> '123N0'
[bam_fillmd1] different NM for read 'GWNJ-1012:310:GW200515585th:1:2248:15546:34992': 0 -> 1
[bam_fillmd1] different MD for read 'GWNJ-1012:310:GW200515585th:1:2248:15546:34992': '94' -> '93N0'
[bam_fillmd1] different NM for read 'GWNJ-1012:310:GW200515585th:1:2666:10863:29731': 0 -> 1
[bam_fillmd1] different MD for read 'GWNJ-1012:310:GW200515585th:1:2666:10863:29731': '118' -> '117N0'
[bam_fillmd1] different NM for read 'GWNJ-1012:310:GW200515585th:1:2306:10782:25833': 0 -> 1
[bam_fillmd1] different MD for read 'GWNJ-1012:310:GW200515585th:1:2306:10782:25833': '103' -> '102N0'
[bam_fillmd1] different NM for read 'GWNJ-1012:310:GW200515585th:1:1673:29044:3975': 0 -> 1
[bam_fillmd1] different MD for read 'GWNJ-1012:310:GW200515585th:1:1673:29044:3975': '102' -> '101N0'
[bam_fillmd1] different NM for read 'GWNJ-1012:310:GW200515585th:1:2607:4607:10692': 0 -> 1
[bam_fillmd1] different MD for read 'GWNJ-1012:310:GW200515585th:1:2607:4607:10692': '99' -> '98N0'
[bam_fillmd1] different NM for read 'GWNJ-1012:310:GW200515585th:1:1355:26024:14340': 0 -> 1
[bam_fillmd1] different MD for read 'GWNJ-1012:310:GW200515585th:1:1355:26024:14340': '97' -> '96N0'
[bam_fillmd1] different NM for read 'GWNJ-1012:310:GW200515585th:1:1355:26024:14340': 0 -> 1
[bam_fillmd1] different MD for read 'GWNJ-1012:310:GW200515585th:1:1355:26024:14340': '89' -> '88N0'
[bam_fillmd1] different NM for read 'GWNJ-1012:310:GW200515585th:1:2309:7220:1564': 2 -> 3
[bam_fillmd1] different MD for read 'GWNJ-1012:310:GW200515585th:1:2309:7220:1564': '1T17A61' -> '1T17A60N0'
[bam_fillmd1] different NM for read 'GWNJ-1012:310:GW200515585th:1:2666:10863:29731': 0 -> 1
[bam_fillmd1] different MD for read 'GWNJ-1012:310:GW200515585th:1:2666:10863:29731': '118' -> '117N0'
[bam_fillmd1] different NM for read 'GWNJ-1012:310:GW200515585th:1:2306:10782:25833': 0 -> 1
[bam_fillmd1] different MD for read 'GWNJ-1012:310:GW200515585th:1:2306:10782:25833': '103' -> '102N0'
[bam_fillmd1] different NM for read 'GWNJ-1012:310:GW200515585th:1:1673:29044:3975': 0 -> 1
[bam_fillmd1] different MD for read 'GWNJ-1012:310:GW200515585th:1:1673:29044:3975': '102' -> '101N0'
[bam_fillmd1] different NM for read 'GWNJ-1012:310:GW200515585th:1:2607:4607:10692': 0 -> 1
[bam_fillmd1] different MD for read 'GWNJ-1012:310:GW200515585th:1:2607:4607:10692': '99' -> '98N0'
[bam_fillmd1] different NM for read 'GWNJ-1012:310:GW200515585th:1:1355:26024:14340': 0 -> 1
[bam_fillmd1] different MD for read 'GWNJ-1012:310:GW200515585th:1:1355:26024:14340': '97' -> '96N0'
[bam_fillmd1] different NM for read 'GWNJ-1012:310:GW200515585th:1:1355:26024:14340': 0 -> 1
[bam_fillmd1] different MD for read 'GWNJ-1012:310:GW200515585th:1:1355:26024:14340': '89' -> '88N0'
[bam_fillmd1] different NM for read 'GWNJ-1012:310:GW200515585th:1:2309:7220:1564': 2 -> 3
[bam_fillmd1] different MD for read 'GWNJ-1012:310:GW200515585th:1:2309:7220:1564': '1T17A61' -> '1T17A60N0'
[bam_fillmd1] different NM for read 'GWNJ-1012:310:GW200515585th:1:1119:26304:6997': 1 -> 2
[bam_fillmd1] different MD for read 'GWNJ-1012:310:GW200515585th:1:1119:26304:6997': '10A136' -> '10A135N0'
[bam_fillmd1] different NM for read 'GWNJ-1012:310:GW200515585th:1:2531:1886:28995': 0 -> 1
[bam_fillmd1] different MD for read 'GWNJ-1012:310:GW200515585th:1:2531:1886:28995': '124' -> '123N0'
[bam_fillmd1] different NM for read 'GWNJ-1012:310:GW200515585th:1:2248:15546:34992': 0 -> 1
[bam_fillmd1] different MD for read 'GWNJ-1012:310:GW200515585th:1:2248:15546:34992': '94' -> '93N0'
[bam_fillmd1] different NM for read 'GWNJ-1012:310:GW200515585th:1:2651:5213:8140': 0 -> 1
[bam_fillmd1] different MD for read 'GWNJ-1012:310:GW200515585th:1:2651:5213:8140': '65' -> '64N0'
[bam_fillmd1] different NM for read 'GWNJ-1012:310:GW200515585th:1:1119:26304:6997': 1 -> 2
[bam_fillmd1] different MD for read 'GWNJ-1012:310:GW200515585th:1:1119:26304:6997': '10A136' -> '10A135N0'
[bam_fillmd1] different NM for read 'GWNJ-1012:310:GW200515585th:1:2531:1886:28995': 0 -> 1
[bam_fillmd1] different MD for read 'GWNJ-1012:310:GW200515585th:1:2531:1886:28995': '124' -> '123N0'
[bam_fillmd1] different NM for read 'GWNJ-1012:310:GW200515585th:1:2248:15546:34992': 0 -> 1
[bam_fillmd1] different MD for read 'GWNJ-1012:310:GW200515585th:1:2248:15546:34992': '94' -> '93N0'
[bam_fillmd1] different NM for read 'GWNJ-1012:310:GW200515585th:1:2651:5213:8140': 0 -> 1
[bam_fillmd1] different MD for read 'GWNJ-1012:310:GW200515585th:1:2651:5213:8140': '65' -> '64N0'
[bam_fillmd1] different NM for read 'GWNJ-1012:310:GW200515585th:1:2666:10863:29731': 0 -> 1
[bam_fillmd1] different MD for read 'GWNJ-1012:310:GW200515585th:1:2666:10863:29731': '118' -> '117N0'
[bam_fillmd1] different NM for read 'GWNJ-1012:310:GW200515585th:1:2306:10782:25833': 0 -> 1
[bam_fillmd1] different MD for read 'GWNJ-1012:310:GW200515585th:1:2306:10782:25833': '103' -> '102N0'
[bam_fillmd1] different NM for read 'GWNJ-1012:310:GW200515585th:1:1673:29044:3975': 0 -> 1
[bam_fillmd1] different MD for read 'GWNJ-1012:310:GW200515585th:1:1673:29044:3975': '102' -> '101N0'
[bam_fillmd1] different NM for read 'GWNJ-1012:310:GW200515585th:1:2607:4607:10692': 0 -> 1
[bam_fillmd1] different MD for read 'GWNJ-1012:310:GW200515585th:1:2607:4607:10692': '99' -> '98N0'
[bam_fillmd1] different NM for read 'GWNJ-1012:310:GW200515585th:1:1355:26024:14340': 0 -> 1
[bam_fillmd1] different MD for read 'GWNJ-1012:310:GW200515585th:1:1355:26024:14340': '97' -> '96N0'
[bam_fillmd1] different NM for read 'GWNJ-1012:310:GW200515585th:1:1355:26024:14340': 0 -> 1
[bam_fillmd1] different MD for read 'GWNJ-1012:310:GW200515585th:1:1355:26024:14340': '89' -> '88N0'
[bam_fillmd1] different NM for read 'GWNJ-1012:310:GW200515585th:1:2309:7220:1564': 2 -> 3
[bam_fillmd1] different MD for read 'GWNJ-1012:310:GW200515585th:1:2309:7220:1564': '1T17A61' -> '1T17A60N0'
[bam_fillmd1] different NM for read 'GWNJ-1012:310:GW200515585th:1:2211:3568:6918': 0 -> 1
[bam_fillmd1] different MD for read 'GWNJ-1012:310:GW200515585th:1:2211:3568:6918': '72' -> '71N0'
[bam_fillmd1] different NM for read 'GWNJ-1012:310:GW200515585th:1:2666:10863:29731': 0 -> 1
[bam_fillmd1] different MD for read 'GWNJ-1012:310:GW200515585th:1:2666:10863:29731': '118' -> '117N0'
[bam_fillmd1] different NM for read 'GWNJ-1012:310:GW200515585th:1:2306:10782:25833': 0 -> 1
[bam_fillmd1] different MD for read 'GWNJ-1012:310:GW200515585th:1:2306:10782:25833': '103' -> '102N0'
[bam_fillmd1] different NM for read 'GWNJ-1012:310:GW200515585th:1:1673:29044:3975': 0 -> 1
[bam_fillmd1] different MD for read 'GWNJ-1012:310:GW200515585th:1:1673:29044:3975': '102' -> '101N0'
[bam_fillmd1] different NM for read 'GWNJ-1012:310:GW200515585th:1:2607:4607:10692': 0 -> 1
[bam_fillmd1] different MD for read 'GWNJ-1012:310:GW200515585th:1:2607:4607:10692': '99' -> '98N0'
[bam_fillmd1] different NM for read 'GWNJ-1012:310:GW200515585th:1:1355:26024:14340': 0 -> 1
[bam_fillmd1] different MD for read 'GWNJ-1012:310:GW200515585th:1:1355:26024:14340': '97' -> '96N0'
[bam_fillmd1] different NM for read 'GWNJ-1012:310:GW200515585th:1:1355:26024:14340': 0 -> 1
[bam_fillmd1] different MD for read 'GWNJ-1012:310:GW200515585th:1:1355:26024:14340': '89' -> '88N0'
[bam_fillmd1] different NM for read 'GWNJ-1012:310:GW200515585th:1:2309:7220:1564': 2 -> 3
[bam_fillmd1] different MD for read 'GWNJ-1012:310:GW200515585th:1:2309:7220:1564': '1T17A61' -> '1T17A60N0'
[bam_fillmd1] different NM for read 'GWNJ-1012:310:GW200515585th:1:2211:3568:6918': 0 -> 1
[bam_fillmd1] different MD for read 'GWNJ-1012:310:GW200515585th:1:2211:3568:6918': '72' -> '71N0'
[bam_fillmd1] different NM for read 'GWNJ-1012:310:GW200515585th:1:1119:26304:6997': 1 -> 2
[bam_fillmd1] different MD for read 'GWNJ-1012:310:GW200515585th:1:1119:26304:6997': '10A136' -> '10A135N0'
[bam_fillmd1] different NM for read 'GWNJ-1012:310:GW200515585th:1:2531:1886:28995': 0 -> 1
[bam_fillmd1] different MD for read 'GWNJ-1012:310:GW200515585th:1:2531:1886:28995': '124' -> '123N0'
[bam_fillmd1] different NM for read 'GWNJ-1012:310:GW200515585th:1:2248:15546:34992': 0 -> 1
[bam_fillmd1] different MD for read 'GWNJ-1012:310:GW200515585th:1:2248:15546:34992': '94' -> '93N0'
[bam_fillmd1] different NM for read 'GWNJ-1012:310:GW200515585th:1:2651:5213:8140': 0 -> 1
[bam_fillmd1] different MD for read 'GWNJ-1012:310:GW200515585th:1:2651:5213:8140': '65' -> '64N0'
[bam_fillmd1] different NM for read 'GWNJ-1012:310:GW200515585th:1:2559:15528:25222': 0 -> 1
[bam_fillmd1] different MD for read 'GWNJ-1012:310:GW200515585th:1:2559:15528:25222': '59' -> '58N0'
[bam_fillmd1] different NM for read 'GWNJ-1012:310:GW200515585th:1:1119:26304:6997': 1 -> 2
[bam_fillmd1] different MD for read 'GWNJ-1012:310:GW200515585th:1:1119:26304:6997': '10A136' -> '10A135N0'
[bam_fillmd1] different NM for read 'GWNJ-1012:310:GW200515585th:1:2531:1886:28995': 0 -> 1
[bam_fillmd1] different MD for read 'GWNJ-1012:310:GW200515585th:1:2531:1886:28995': '124' -> '123N0'
[bam_fillmd1] different NM for read 'GWNJ-1012:310:GW200515585th:1:2248:15546:34992': 0 -> 1
[bam_fillmd1] different MD for read 'GWNJ-1012:310:GW200515585th:1:2248:15546:34992': '94' -> '93N0'
[bam_fillmd1] different NM for read 'GWNJ-1012:310:GW200515585th:1:2651:5213:8140': 0 -> 1
[bam_fillmd1] different MD for read 'GWNJ-1012:310:GW200515585th:1:2651:5213:8140': '65' -> '64N0'
[bam_fillmd1] different NM for read 'GWNJ-1012:310:GW200515585th:1:2559:15528:25222': 0 -> 1
[bam_fillmd1] different MD for read 'GWNJ-1012:310:GW200515585th:1:2559:15528:25222': '59' -> '58N0'
[bam_fillmd1] different NM for read 'GWNJ-1012:310:GW200515585th:1:2666:10863:29731': 0 -> 1
[bam_fillmd1] different MD for read 'GWNJ-1012:310:GW200515585th:1:2666:10863:29731': '118' -> '117N0'
[bam_fillmd1] different NM for read 'GWNJ-1012:310:GW200515585th:1:2306:10782:25833': 0 -> 1
[bam_fillmd1] different MD for read 'GWNJ-1012:310:GW200515585th:1:2306:10782:25833': '103' -> '102N0'
[bam_fillmd1] different NM for read 'GWNJ-1012:310:GW200515585th:1:1673:29044:3975': 0 -> 1
[bam_fillmd1] different MD for read 'GWNJ-1012:310:GW200515585th:1:1673:29044:3975': '102' -> '101N0'
[bam_fillmd1] different NM for read 'GWNJ-1012:310:GW200515585th:1:2607:4607:10692': 0 -> 1
[bam_fillmd1] different MD for read 'GWNJ-1012:310:GW200515585th:1:2607:4607:10692': '99' -> '98N0'
[bam_fillmd1] different NM for read 'GWNJ-1012:310:GW200515585th:1:1355:26024:14340': 0 -> 1
[bam_fillmd1] different MD for read 'GWNJ-1012:310:GW200515585th:1:1355:26024:14340': '97' -> '96N0'
[bam_fillmd1] different NM for read 'GWNJ-1012:310:GW200515585th:1:1355:26024:14340': 0 -> 1
[bam_fillmd1] different MD for read 'GWNJ-1012:310:GW200515585th:1:1355:26024:14340': '89' -> '88N0'
[bam_fillmd1] different NM for read 'GWNJ-1012:310:GW200515585th:1:2309:7220:1564': 2 -> 3
[bam_fillmd1] different MD for read 'GWNJ-1012:310:GW200515585th:1:2309:7220:1564': '1T17A61' -> '1T17A60N0'
[bam_fillmd1] different NM for read 'GWNJ-1012:310:GW200515585th:1:2211:3568:6918': 0 -> 1
[bam_fillmd1] different MD for read 'GWNJ-1012:310:GW200515585th:1:2211:3568:6918': '72' -> '71N0'
[bam_fillmd1] different NM for read 'GWNJ-1012:310:GW200515585th:1:2666:10863:29731': 0 -> 1
[bam_fillmd1] different MD for read 'GWNJ-1012:310:GW200515585th:1:2666:10863:29731': '118' -> '117N0'
[bam_fillmd1] different NM for read 'GWNJ-1012:310:GW200515585th:1:2306:10782:25833': 0 -> 1
[bam_fillmd1] different MD for read 'GWNJ-1012:310:GW200515585th:1:2306:10782:25833': '103' -> '102N0'
[bam_fillmd1] different NM for read 'GWNJ-1012:310:GW200515585th:1:1673:29044:3975': 0 -> 1
[bam_fillmd1] different MD for read 'GWNJ-1012:310:GW200515585th:1:1673:29044:3975': '102' -> '101N0'
[bam_fillmd1] different NM for read 'GWNJ-1012:310:GW200515585th:1:2607:4607:10692': 0 -> 1
[bam_fillmd1] different MD for read 'GWNJ-1012:310:GW200515585th:1:2607:4607:10692': '99' -> '98N0'
[bam_fillmd1] different NM for read 'GWNJ-1012:310:GW200515585th:1:1355:26024:14340': 0 -> 1
[bam_fillmd1] different MD for read 'GWNJ-1012:310:GW200515585th:1:1355:26024:14340': '97' -> '96N0'
[bam_fillmd1] different NM for read 'GWNJ-1012:310:GW200515585th:1:1355:26024:14340': 0 -> 1
[bam_fillmd1] different MD for read 'GWNJ-1012:310:GW200515585th:1:1355:26024:14340': '89' -> '88N0'
[bam_fillmd1] different NM for read 'GWNJ-1012:310:GW200515585th:1:2309:7220:1564': 2 -> 3
[bam_fillmd1] different MD for read 'GWNJ-1012:310:GW200515585th:1:2309:7220:1564': '1T17A61' -> '1T17A60N0'
[bam_fillmd1] different NM for read 'GWNJ-1012:310:GW200515585th:1:2211:3568:6918': 0 -> 1
[bam_fillmd1] different MD for read 'GWNJ-1012:310:GW200515585th:1:2211:3568:6918': '72' -> '71N0'
[bam_fillmd1] different NM for read 'GWNJ-1012:310:GW200515585th:1:1119:26304:6997': 1 -> 2
[bam_fillmd1] different MD for read 'GWNJ-1012:310:GW200515585th:1:1119:26304:6997': '10A136' -> '10A135N0'
[bam_fillmd1] different NM for read 'GWNJ-1012:310:GW200515585th:1:2531:1886:28995': 0 -> 1
[bam_fillmd1] different MD for read 'GWNJ-1012:310:GW200515585th:1:2531:1886:28995': '124' -> '123N0'
[bam_fillmd1] different NM for read 'GWNJ-1012:310:GW200515585th:1:2248:15546:34992': 0 -> 1
[bam_fillmd1] different MD for read 'GWNJ-1012:310:GW200515585th:1:2248:15546:34992': '94' -> '93N0'
[bam_fillmd1] different NM for read 'GWNJ-1012:310:GW200515585th:1:2651:5213:8140': 0 -> 1
[bam_fillmd1] different MD for read 'GWNJ-1012:310:GW200515585th:1:2651:5213:8140': '65' -> '64N0'
[bam_fillmd1] different NM for read 'GWNJ-1012:310:GW200515585th:1:2559:15528:25222': 0 -> 1
[bam_fillmd1] different MD for read 'GWNJ-1012:310:GW200515585th:1:2559:15528:25222': '59' -> '58N0'
[bam_fillmd1] different NM for read 'GWNJ-1012:310:GW200515585th:1:1119:26304:6997': 1 -> 2
[bam_fillmd1] different MD for read 'GWNJ-1012:310:GW200515585th:1:1119:26304:6997': '10A136' -> '10A135N0'
[bam_fillmd1] different NM for read 'GWNJ-1012:310:GW200515585th:1:2531:1886:28995': 0 -> 1
[bam_fillmd1] different MD for read 'GWNJ-1012:310:GW200515585th:1:2531:1886:28995': '124' -> '123N0'
[bam_fillmd1] different NM for read 'GWNJ-1012:310:GW200515585th:1:2248:15546:34992': 0 -> 1
[bam_fillmd1] different MD for read 'GWNJ-1012:310:GW200515585th:1:2248:15546:34992': '94' -> '93N0'
[bam_fillmd1] different NM for read 'GWNJ-1012:310:GW200515585th:1:2651:5213:8140': 0 -> 1
[bam_fillmd1] different MD for read 'GWNJ-1012:310:GW200515585th:1:2651:5213:8140': '65' -> '64N0'
[bam_fillmd1] different NM for read 'GWNJ-1012:310:GW200515585th:1:2559:15528:25222': 0 -> 1
[bam_fillmd1] different MD for read 'GWNJ-1012:310:GW200515585th:1:2559:15528:25222': '59' -> '58N0'
[bam_fillmd1] different NM for read 'GWNJ-1012:310:GW200515585th:1:2666:10863:29731': 0 -> 1
[bam_fillmd1] different MD for read 'GWNJ-1012:310:GW200515585th:1:2666:10863:29731': '118' -> '117N0'
[bam_fillmd1] different NM for read 'GWNJ-1012:310:GW200515585th:1:2306:10782:25833': 0 -> 1
[bam_fillmd1] different MD for read 'GWNJ-1012:310:GW200515585th:1:2306:10782:25833': '103' -> '102N0'
[bam_fillmd1] different NM for read 'GWNJ-1012:310:GW200515585th:1:1673:29044:3975': 0 -> 1
[bam_fillmd1] different MD for read 'GWNJ-1012:310:GW200515585th:1:1673:29044:3975': '102' -> '101N0'
[bam_fillmd1] different NM for read 'GWNJ-1012:310:GW200515585th:1:2607:4607:10692': 0 -> 1
[bam_fillmd1] different MD for read 'GWNJ-1012:310:GW200515585th:1:2607:4607:10692': '99' -> '98N0'
[bam_fillmd1] different NM for read 'GWNJ-1012:310:GW200515585th:1:1355:26024:14340': 0 -> 1
[bam_fillmd1] different MD for read 'GWNJ-1012:310:GW200515585th:1:1355:26024:14340': '97' -> '96N0'
[bam_fillmd1] different NM for read 'GWNJ-1012:310:GW200515585th:1:1355:26024:14340': 0 -> 1
[bam_fillmd1] different MD for read 'GWNJ-1012:310:GW200515585th:1:1355:26024:14340': '89' -> '88N0'
[bam_fillmd1] different NM for read 'GWNJ-1012:310:GW200515585th:1:2309:7220:1564': 2 -> 3
[bam_fillmd1] different MD for read 'GWNJ-1012:310:GW200515585th:1:2309:7220:1564': '1T17A61' -> '1T17A60N0'
[bam_fillmd1] different NM for read 'GWNJ-1012:310:GW200515585th:1:2211:3568:6918': 0 -> 1
[bam_fillmd1] different MD for read 'GWNJ-1012:310:GW200515585th:1:2211:3568:6918': '72' -> '71N0'
[bam_fillmd1] different NM for read 'GWNJ-1012:310:GW200515585th:1:2666:10863:29731': 0 -> 1
[bam_fillmd1] different MD for read 'GWNJ-1012:310:GW200515585th:1:2666:10863:29731': '118' -> '117N0'
[bam_fillmd1] different NM for read 'GWNJ-1012:310:GW200515585th:1:2306:10782:25833': 0 -> 1
[bam_fillmd1] different MD for read 'GWNJ-1012:310:GW200515585th:1:2306:10782:25833': '103' -> '102N0'
[bam_fillmd1] different NM for read 'GWNJ-1012:310:GW200515585th:1:1673:29044:3975': 0 -> 1
[bam_fillmd1] different MD for read 'GWNJ-1012:310:GW200515585th:1:1673:29044:3975': '102' -> '101N0'
[bam_fillmd1] different NM for read 'GWNJ-1012:310:GW200515585th:1:2607:4607:10692': 0 -> 1
[bam_fillmd1] different MD for read 'GWNJ-1012:310:GW200515585th:1:2607:4607:10692': '99' -> '98N0'
[bam_fillmd1] different NM for read 'GWNJ-1012:310:GW200515585th:1:1355:26024:14340': 0 -> 1
[bam_fillmd1] different MD for read 'GWNJ-1012:310:GW200515585th:1:1355:26024:14340': '97' -> '96N0'
[bam_fillmd1] different NM for read 'GWNJ-1012:310:GW200515585th:1:1355:26024:14340': 0 -> 1
[bam_fillmd1] different MD for read 'GWNJ-1012:310:GW200515585th:1:1355:26024:14340': '89' -> '88N0'
[bam_fillmd1] different NM for read 'GWNJ-1012:310:GW200515585th:1:2309:7220:1564': 2 -> 3
[bam_fillmd1] different MD for read 'GWNJ-1012:310:GW200515585th:1:2309:7220:1564': '1T17A61' -> '1T17A60N0'
[bam_fillmd1] different NM for read 'GWNJ-1012:310:GW200515585th:1:2211:3568:6918': 0 -> 1
[bam_fillmd1] different MD for read 'GWNJ-1012:310:GW200515585th:1:2211:3568:6918': '72' -> '71N0'
