[bam_fillmd1] different MD for read 'GWNJ-1012:310:GW200515585th:1:1476:17074:23516': '42T35T19T6A9C21T9T2' -> '42T35T19T6R9C21T9T2'
[bam_fillmd1] different NM for read 'GWNJ-1012:310:GW200515585th:1:1316:26087:31015': 3 -> 4
[bam_fillmd1] different MD for read 'GWNJ-1012:310:GW200515585th:1:1316:26087:31015': '3C41A11T56' -> '3C41A11T6R49'
[bam_fillmd1] different NM for read 'GWNJ-1012:310:GW200515585th:1:2371:18240:4648': 3 -> 4
[bam_fillmd1] different MD for read 'GWNJ-1012:310:GW200515585th:1:2371:18240:4648': '0C41A103T3' -> '0C41A18R84T3'
[bam_fillmd1] different MD for read 'GWNJ-1012:310:GW200515585th:1:1476:17074:23516': '42T35T19T6A9C21T9T2' -> '42T35T19T6R9C21T9T2'
[bam_fillmd1] different NM for read 'GWNJ-1012:310:GW200515585th:1:1316:26087:31015': 3 -> 4
[bam_fillmd1] different MD for read 'GWNJ-1012:310:GW200515585th:1:1316:26087:31015': '3C41A11T56' -> '3C41A11T6R49'
[bam_fillmd1] different NM for read 'GWNJ-1012:310:GW200515585th:1:2371:18240:4648': 3 -> 4
[bam_fillmd1] different MD for read 'GWNJ-1012:310:GW200515585th:1:2371:18240:4648': '0C41A103T3' -> '0C41A18R84T3'
[bam_fillmd1] different MD for read 'GWNJ-1012:310:GW200515585th:1:1552:32235:29324': '148A1' -> '148R1'
[bam_fillmd1] different MD for read 'GWNJ-1012:310:GW200515585th:1:1463:20157:33739': '145A4' -> '145R4'
[bam_fillmd1] different NM for read 'GWNJ-1012:310:GW200515585th:1:1563:32940:11945': 2 -> 3
[bam_fillmd1] different MD for read 'GWNJ-1012:310:GW200515585th:1:1563:32940:11945': '62C41A45' -> '62C41A18R26'
[bam_fillmd1] different MD for read 'GWNJ-1012:310:GW200515585th:1:2667:22833:15452': '121A28' -> '121R28'
[bam_fillmd1] different MD for read 'GWNJ-1012:310:GW200515585th:1:1463:20157:33739': '6T111A31' -> '6T111R31'
[bam_fillmd1] different NM for read 'GWNJ-1012:310:GW200515585th:1:1563:32940:11945': 2 -> 3
[bam_fillmd1] different MD for read 'GWNJ-1012:310:GW200515585th:1:1563:32940:11945': '15C41A92' -> '15C41A18R73'
[bam_fillmd1] different MD for read 'GWNJ-1012:310:GW200515585th:1:1552:18367:25379': '45C13A90' -> '45C13R90'
[bam_fillmd1] different MD for read 'GWNJ-1012:310:GW200515585th:1:1552:32235:29324': '148A1' -> '148R1'
[bam_fillmd1] different MD for read 'GWNJ-1012:310:GW200515585th:1:1463:20157:33739': '145A4' -> '145R4'
[bam_fillmd1] different NM for read 'GWNJ-1012:310:GW200515585th:1:1563:32940:11945': 2 -> 3
[bam_fillmd1] different MD for read 'GWNJ-1012:310:GW200515585th:1:1563:32940:11945': '62C41A45' -> '62C41A18R26'
[bam_fillmd1] different MD for read 'GWNJ-1012:310:GW200515585th:1:2667:22833:15452': '121A28' -> '121R28'
[bam_fillmd1] different MD for read 'GWNJ-1012:310:GW200515585th:1:1463:20157:33739': '6T111A31' -> '6T111R31'
[bam_fillmd1] different NM for read 'GWNJ-1012:310:GW200515585th:1:1563:32940:11945': 2 -> 3
[bam_fillmd1] different MD for read 'GWNJ-1012:310:GW200515585th:1:1563:32940:11945': '15C41A92' -> '15C41A18R73'
[bam_fillmd1] different MD for read 'GWNJ-1012:310:GW200515585th:1:1552:18367:25379': '45C13A90' -> '45C13R90'
