[W::fai_get_val] Reference chr19:9831591-9831611 not found in FASTA file, returning empty sequence
[faidx] Failed to fetch sequence in chr19:9831591-9831611
[W::fai_get_val] Reference chr9:32683184-32683204 not found in FASTA file, returning empty sequence
[faidx] Failed to fetch sequence in chr9:32683184-32683204
[bam_fillmd1] different MD for read 'GWNJ-0965:528:GW200105000:8:2214:25256:3577': '0C76C72' -> '0C76R72'
[bam_fillmd1] different MD for read 'GWNJ-0965:528:GW200105000:8:2212:14793:20436': '3C71C74' -> '3C71R74'
[bam_fillmd1] different MD for read 'GWNJ-0965:528:GW200105000:8:2209:6837:15303': '66C83' -> '66R83'
[bam_fillmd1] different MD for read 'GWNJ-0965:528:GW200105000:8:2208:22008:32971': '63C86' -> '63R86'
[bam_fillmd1] different MD for read 'GWNJ-0965:528:GW200105000:8:1209:21085:7216': '60C89' -> '60R89'
[bam_fillmd1] different MD for read 'GWNJ-0965:528:GW200105000:8:1221:21024:22018': '59C90' -> '59R90'
[bam_fillmd1] different MD for read 'GWNJ-0965:528:GW200105000:8:1117:22901:28962': '56C93' -> '56R93'
[bam_fillmd1] different MD for read 'GWNJ-0965:528:GW200105000:8:1221:21024:22018': '51C98' -> '51R98'
[bam_fillmd1] different MD for read 'GWNJ-0965:528:GW200105000:8:1223:18122:46595': '45C99C4' -> '45R99C4'
[bam_fillmd1] different MD for read 'GWNJ-0965:528:GW200105000:8:1120:8806:16639': '32C99C17' -> '32R99C17'
[bam_fillmd1] different MD for read 'GWNJ-0965:528:GW200105000:8:1212:29082:27574': '25C99C24' -> '25R99C24'
[bam_fillmd1] different MD for read 'GWNJ-0965:528:GW200105000:8:1215:20040:71612': '16C99C28' -> '16R99C28'
[bam_fillmd1] different MD for read 'GWNJ-0965:528:GW200105000:8:1215:20040:71612': '16C99C28' -> '16R99C28'
[bam_fillmd1] different MD for read 'GWNJ-0965:528:GW200105000:8:1118:23916:55543': '4C99C38G6' -> '4R99C38G6'
[bam_fillmd1] different MD for read 'GWNJ-0965:528:GW200105000:8:1209:21085:7216': '0C5G26T4A61C49' -> '0R5G26T4A61C49'
[bam_fillmd1] different MD for read 'GWNJ-0965:528:GW200105000:8:2214:25256:3577': '0C76C72' -> '0C76R72'
[bam_fillmd1] different MD for read 'GWNJ-0965:528:GW200105000:8:2212:14793:20436': '3C71C74' -> '3C71R74'
[bam_fillmd1] different MD for read 'GWNJ-0965:528:GW200105000:8:2209:6837:15303': '66C83' -> '66R83'
[bam_fillmd1] different MD for read 'GWNJ-0965:528:GW200105000:8:2208:22008:32971': '63C86' -> '63R86'
[bam_fillmd1] different MD for read 'GWNJ-0965:528:GW200105000:8:1209:21085:7216': '60C89' -> '60R89'
[bam_fillmd1] different MD for read 'GWNJ-0965:528:GW200105000:8:1221:21024:22018': '59C90' -> '59R90'
[bam_fillmd1] different MD for read 'GWNJ-0965:528:GW200105000:8:1117:22901:28962': '56C93' -> '56R93'
[bam_fillmd1] different MD for read 'GWNJ-0965:528:GW200105000:8:1221:21024:22018': '51C98' -> '51R98'
[bam_fillmd1] different MD for read 'GWNJ-0965:528:GW200105000:8:1223:18122:46595': '45C99C4' -> '45R99C4'
[bam_fillmd1] different MD for read 'GWNJ-0965:528:GW200105000:8:1120:8806:16639': '32C99C17' -> '32R99C17'
[bam_fillmd1] different MD for read 'GWNJ-0965:528:GW200105000:8:1212:29082:27574': '25C99C24' -> '25R99C24'
[bam_fillmd1] different MD for read 'GWNJ-0965:528:GW200105000:8:1215:20040:71612': '16C99C28' -> '16R99C28'
[bam_fillmd1] different MD for read 'GWNJ-0965:528:GW200105000:8:1215:20040:71612': '16C99C28' -> '16R99C28'
[bam_fillmd1] different MD for read 'GWNJ-0965:528:GW200105000:8:1118:23916:55543': '4C99C38G6' -> '4R99C38G6'
[bam_fillmd1] different MD for read 'GWNJ-0965:528:GW200105000:8:1209:21085:7216': '0C5G26T4A61C49' -> '0R5G26T4A61C49'
[bam_fillmd1] different MD for read 'GWNJ-0901:566:GW1912172731st:4:2218:20679:48705': '52C97' -> '52R97'
[bam_fillmd1] different MD for read 'GWNJ-0901:566:GW1912172731st:4:2218:20679:48705': '2C99C47' -> '2R99C47'
[bam_fillmd1] different MD for read 'GWNJ-0901:566:GW1912172731st:4:2218:20679:48705': '52C97' -> '52R97'
[bam_fillmd1] different MD for read 'GWNJ-0901:566:GW1912172731st:4:2218:20679:48705': '2C99C47' -> '2R99C47'
[bam_fillmd1] different NM for read 'GWNJ-1012:310:GW200515585th:1:2317:14281:30984': 0 -> 1
[bam_fillmd1] different MD for read 'GWNJ-1012:310:GW200515585th:1:2317:14281:30984': '138' -> '137N0'
[bam_fillmd1] different NM for read 'GWNJ-1012:310:GW200515585th:1:1560:7826:29356': 0 -> 1
[bam_fillmd1] different MD for read 'GWNJ-1012:310:GW200515585th:1:1560:7826:29356': '131' -> '130N0'
[bam_fillmd1] different NM for read 'GWNJ-1012:310:GW200515585th:1:2245:31521:9142': 0 -> 1
[bam_fillmd1] different MD for read 'GWNJ-1012:310:GW200515585th:1:2245:31521:9142': '119' -> '118N0'
[bam_fillmd1] different NM for read 'GWNJ-1012:310:GW200515585th:1:1273:19443:15781': 0 -> 1
[bam_fillmd1] different MD for read 'GWNJ-1012:310:GW200515585th:1:1273:19443:15781': '115' -> '114N0'
[bam_fillmd1] different NM for read 'GWNJ-1012:310:GW200515585th:1:2143:11433:29966': 0 -> 1
[bam_fillmd1] different MD for read 'GWNJ-1012:310:GW200515585th:1:2143:11433:29966': '71' -> '70N0'
[bam_fillmd1] different NM for read 'GWNJ-1012:310:GW200515585th:1:2143:12038:30326': 0 -> 1
[bam_fillmd1] different MD for read 'GWNJ-1012:310:GW200515585th:1:2143:12038:30326': '71' -> '70N0'
[bam_fillmd1] different NM for read 'GWNJ-1012:310:GW200515585th:1:2317:14281:30984': 0 -> 1
[bam_fillmd1] different MD for read 'GWNJ-1012:310:GW200515585th:1:2317:14281:30984': '138' -> '137N0'
[bam_fillmd1] different NM for read 'GWNJ-1012:310:GW200515585th:1:1560:7826:29356': 0 -> 1
[bam_fillmd1] different MD for read 'GWNJ-1012:310:GW200515585th:1:1560:7826:29356': '131' -> '130N0'
[bam_fillmd1] different NM for read 'GWNJ-1012:310:GW200515585th:1:2245:31521:9142': 0 -> 1
[bam_fillmd1] different MD for read 'GWNJ-1012:310:GW200515585th:1:2245:31521:9142': '119' -> '118N0'
[bam_fillmd1] different NM for read 'GWNJ-1012:310:GW200515585th:1:1273:19443:15781': 0 -> 1
[bam_fillmd1] different MD for read 'GWNJ-1012:310:GW200515585th:1:1273:19443:15781': '115' -> '114N0'
[bam_fillmd1] different NM for read 'GWNJ-1012:310:GW200515585th:1:2143:11433:29966': 0 -> 1
[bam_fillmd1] different MD for read 'GWNJ-1012:310:GW200515585th:1:2143:11433:29966': '71' -> '70N0'
[bam_fillmd1] different NM for read 'GWNJ-1012:310:GW200515585th:1:2143:12038:30326': 0 -> 1
[bam_fillmd1] different MD for read 'GWNJ-1012:310:GW200515585th:1:2143:12038:30326': '71' -> '70N0'
[bam_fillmd1] different NM for read 'GWNJ-1012:310:GW200515585th:1:1127:17824:9846': 0 -> 1
[bam_fillmd1] different MD for read 'GWNJ-1012:310:GW200515585th:1:1127:17824:9846': '141' -> '140N0'
[bam_fillmd1] different NM for read 'GWNJ-1012:310:GW200515585th:1:2463:25165:16423': 1 -> 2
[bam_fillmd1] different MD for read 'GWNJ-1012:310:GW200515585th:1:2463:25165:16423': '48T67' -> '48T66N0'
[bam_fillmd1] different NM for read 'GWNJ-1012:310:GW200515585th:1:2372:30861:16078': 0 -> 1
[bam_fillmd1] different MD for read 'GWNJ-1012:310:GW200515585th:1:2372:30861:16078': '114' -> '113N0'
[bam_fillmd1] different NM for read 'GWNJ-1012:310:GW200515585th:1:1537:22941:36620': 0 -> 1
[bam_fillmd1] different MD for read 'GWNJ-1012:310:GW200515585th:1:1537:22941:36620': '113' -> '112N0'
[bam_fillmd1] different NM for read 'GWNJ-1012:310:GW200515585th:1:2114:21983:21245': 0 -> 1
[bam_fillmd1] different MD for read 'GWNJ-1012:310:GW200515585th:1:2114:21983:21245': '97' -> '96N0'
[bam_fillmd1] different NM for read 'GWNJ-1012:310:GW200515585th:1:1429:24108:22388': 0 -> 1
[bam_fillmd1] different MD for read 'GWNJ-1012:310:GW200515585th:1:1429:24108:22388': '73' -> '72N0'
[bam_fillmd1] different NM for read 'GWNJ-1012:310:GW200515585th:1:1127:17824:9846': 0 -> 1
[bam_fillmd1] different MD for read 'GWNJ-1012:310:GW200515585th:1:1127:17824:9846': '141' -> '140N0'
[bam_fillmd1] different NM for read 'GWNJ-1012:310:GW200515585th:1:2463:25165:16423': 1 -> 2
[bam_fillmd1] different MD for read 'GWNJ-1012:310:GW200515585th:1:2463:25165:16423': '48T67' -> '48T66N0'
[bam_fillmd1] different NM for read 'GWNJ-1012:310:GW200515585th:1:2372:30861:16078': 0 -> 1
[bam_fillmd1] different MD for read 'GWNJ-1012:310:GW200515585th:1:2372:30861:16078': '114' -> '113N0'
[bam_fillmd1] different NM for read 'GWNJ-1012:310:GW200515585th:1:1537:22941:36620': 0 -> 1
[bam_fillmd1] different MD for read 'GWNJ-1012:310:GW200515585th:1:1537:22941:36620': '113' -> '112N0'
[bam_fillmd1] different NM for read 'GWNJ-1012:310:GW200515585th:1:2114:21983:21245': 0 -> 1
[bam_fillmd1] different MD for read 'GWNJ-1012:310:GW200515585th:1:2114:21983:21245': '97' -> '96N0'
[bam_fillmd1] different NM for read 'GWNJ-1012:310:GW200515585th:1:1429:24108:22388': 0 -> 1
[bam_fillmd1] different MD for read 'GWNJ-1012:310:GW200515585th:1:1429:24108:22388': '73' -> '72N0'
[bam_fillmd1] different MD for read 'GWNJ-1012:310:GW200515585th:1:1476:17074:23516': '42T35T19T6A9C21T9T2' -> '42T35T19T6R9C21T9T2'
[bam_fillmd1] different NM for read 'GWNJ-1012:310:GW200515585th:1:1316:26087:31015': 3 -> 4
[bam_fillmd1] different MD for read 'GWNJ-1012:310:GW200515585th:1:1316:26087:31015': '3C41A11T56' -> '3C41A11T6R49'
[bam_fillmd1] different NM for read 'GWNJ-1012:310:GW200515585th:1:2371:18240:4648': 3 -> 4
[bam_fillmd1] different MD for read 'GWNJ-1012:310:GW200515585th:1:2371:18240:4648': '0C41A103T3' -> '0C41A18R84T3'
[bam_fillmd1] different MD for read 'GWNJ-1012:310:GW200515585th:1:1476:17074:23516': '42T35T19T6A9C21T9T2' -> '42T35T19T6R9C21T9T2'
[bam_fillmd1] different NM for read 'GWNJ-1012:310:GW200515585th:1:1316:26087:31015': 3 -> 4
[bam_fillmd1] different MD for read 'GWNJ-1012:310:GW200515585th:1:1316:26087:31015': '3C41A11T56' -> '3C41A11T6R49'
[bam_fillmd1] different NM for read 'GWNJ-1012:310:GW200515585th:1:2371:18240:4648': 3 -> 4
[bam_fillmd1] different MD for read 'GWNJ-1012:310:GW200515585th:1:2371:18240:4648': '0C41A103T3' -> '0C41A18R84T3'
[bam_fillmd1] different MD for read 'GWNJ-1012:310:GW200515585th:1:1552:32235:29324': '148A1' -> '148R1'
[bam_fillmd1] different MD for read 'GWNJ-1012:310:GW200515585th:1:1463:20157:33739': '145A4' -> '145R4'
[bam_fillmd1] different NM for read 'GWNJ-1012:310:GW200515585th:1:1563:32940:11945': 2 -> 3
[bam_fillmd1] different MD for read 'GWNJ-1012:310:GW200515585th:1:1563:32940:11945': '62C41A45' -> '62C41A18R26'
[bam_fillmd1] different MD for read 'GWNJ-1012:310:GW200515585th:1:2667:22833:15452': '121A28' -> '121R28'
[bam_fillmd1] different MD for read 'GWNJ-1012:310:GW200515585th:1:1463:20157:33739': '6T111A31' -> '6T111R31'
[bam_fillmd1] different NM for read 'GWNJ-1012:310:GW200515585th:1:1563:32940:11945': 2 -> 3
[bam_fillmd1] different MD for read 'GWNJ-1012:310:GW200515585th:1:1563:32940:11945': '15C41A92' -> '15C41A18R73'
[bam_fillmd1] different MD for read 'GWNJ-1012:310:GW200515585th:1:1552:18367:25379': '45C13A90' -> '45C13R90'
[bam_fillmd1] different MD for read 'GWNJ-1012:310:GW200515585th:1:1552:32235:29324': '148A1' -> '148R1'
[bam_fillmd1] different MD for read 'GWNJ-1012:310:GW200515585th:1:1463:20157:33739': '145A4' -> '145R4'
[bam_fillmd1] different NM for read 'GWNJ-1012:310:GW200515585th:1:1563:32940:11945': 2 -> 3
[bam_fillmd1] different MD for read 'GWNJ-1012:310:GW200515585th:1:1563:32940:11945': '62C41A45' -> '62C41A18R26'
[bam_fillmd1] different MD for read 'GWNJ-1012:310:GW200515585th:1:2667:22833:15452': '121A28' -> '121R28'
[bam_fillmd1] different MD for read 'GWNJ-1012:310:GW200515585th:1:1463:20157:33739': '6T111A31' -> '6T111R31'
[bam_fillmd1] different NM for read 'GWNJ-1012:310:GW200515585th:1:1563:32940:11945': 2 -> 3
[bam_fillmd1] different MD for read 'GWNJ-1012:310:GW200515585th:1:1563:32940:11945': '15C41A92' -> '15C41A18R73'
[bam_fillmd1] different MD for read 'GWNJ-1012:310:GW200515585th:1:1552:18367:25379': '45C13A90' -> '45C13R90'
[bam_fillmd1] different NM for read 'GWNJ-0965:528:GW200105000:8:2219:5274:48740': 1 -> 2
[bam_fillmd1] different MD for read 'GWNJ-0965:528:GW200105000:8:2219:5274:48740': '145G4' -> '140R4G4'
[bam_fillmd1] different NM for read 'GWNJ-0965:528:GW200105000:8:2218:7009:19540': 1 -> 2
[bam_fillmd1] different MD for read 'GWNJ-0965:528:GW200105000:8:2218:7009:19540': '143G6' -> '138R4G6'
[bam_fillmd1] different NM for read 'GWNJ-0965:528:GW200105000:8:1209:15625:68711': 1 -> 2
[bam_fillmd1] different MD for read 'GWNJ-0965:528:GW200105000:8:1209:15625:68711': '121G28' -> '116R4G28'
[bam_fillmd1] different NM for read 'GWNJ-0965:528:GW200105000:8:1214:5741:7954': 14 -> 15
[bam_fillmd1] different MD for read 'GWNJ-0965:528:GW200105000:8:1214:5741:7954': '4T1T14A0T10T15T9A1T2A2G0C0A6T35G37' -> '4T1T14A0T10T15T9A1T2A2G0C0A6T30R4G37'
[bam_fillmd1] different NM for read 'GWNJ-0965:528:GW200105000:8:1118:17634:13861': 3 -> 4
[bam_fillmd1] different MD for read 'GWNJ-0965:528:GW200105000:8:1118:17634:13861': '109G31T5T2' -> '104R4G31T5T2'
[bam_fillmd1] different NM for read 'GWNJ-0965:528:GW200105000:8:1210:30584:24128': 1 -> 2
[bam_fillmd1] different MD for read 'GWNJ-0965:528:GW200105000:8:1210:30584:24128': '109G13' -> '104R4G13'
[bam_fillmd1] different NM for read 'GWNJ-0965:528:GW200105000:8:2219:5274:48740': 1 -> 2
[bam_fillmd1] different MD for read 'GWNJ-0965:528:GW200105000:8:2219:5274:48740': '145G4' -> '140R4G4'
[bam_fillmd1] different NM for read 'GWNJ-0965:528:GW200105000:8:2218:7009:19540': 1 -> 2
[bam_fillmd1] different MD for read 'GWNJ-0965:528:GW200105000:8:2218:7009:19540': '143G6' -> '138R4G6'
[bam_fillmd1] different NM for read 'GWNJ-0965:528:GW200105000:8:1209:15625:68711': 1 -> 2
[bam_fillmd1] different MD for read 'GWNJ-0965:528:GW200105000:8:1209:15625:68711': '121G28' -> '116R4G28'
[bam_fillmd1] different NM for read 'GWNJ-0965:528:GW200105000:8:1214:5741:7954': 14 -> 15
[bam_fillmd1] different MD for read 'GWNJ-0965:528:GW200105000:8:1214:5741:7954': '4T1T14A0T10T15T9A1T2A2G0C0A6T35G37' -> '4T1T14A0T10T15T9A1T2A2G0C0A6T30R4G37'
[bam_fillmd1] different NM for read 'GWNJ-0965:528:GW200105000:8:1118:17634:13861': 3 -> 4
[bam_fillmd1] different MD for read 'GWNJ-0965:528:GW200105000:8:1118:17634:13861': '109G31T5T2' -> '104R4G31T5T2'
[bam_fillmd1] different NM for read 'GWNJ-0965:528:GW200105000:8:1210:30584:24128': 1 -> 2
[bam_fillmd1] different MD for read 'GWNJ-0965:528:GW200105000:8:1210:30584:24128': '109G13' -> '104R4G13'
[bam_fillmd1] different NM for read 'GWNJ-0901:566:GW1912172731st:4:2208:10866:61064': 1 -> 2
[bam_fillmd1] different MD for read 'GWNJ-0901:566:GW1912172731st:4:2208:10866:61064': '149G0' -> '144R4G0'
[bam_fillmd1] different NM for read 'GWNJ-0901:566:GW1912172731st:4:1103:12560:36504': 1 -> 2
[bam_fillmd1] different MD for read 'GWNJ-0901:566:GW1912172731st:4:1103:12560:36504': '146G3' -> '141R4G3'
[bam_fillmd1] different NM for read 'GWNJ-0901:566:GW1912172731st:4:1214:6329:52854': 2 -> 3
[bam_fillmd1] different MD for read 'GWNJ-0901:566:GW1912172731st:4:1214:6329:52854': '121G19G8' -> '121G14R4G8'
[bam_fillmd1] different NM for read 'GWNJ-0901:566:GW1912172731st:4:2202:22049:36873': 1 -> 2
[bam_fillmd1] different MD for read 'GWNJ-0901:566:GW1912172731st:4:2202:22049:36873': '120G29' -> '115R4G29'
[bam_fillmd1] different NM for read 'GWNJ-0901:566:GW1912172731st:4:1222:26677:36030': 2 -> 3
[bam_fillmd1] different MD for read 'GWNJ-0901:566:GW1912172731st:4:1222:26677:36030': '107G30G9' -> '102R4G30G9'
[bam_fillmd1] different NM for read 'GWNJ-0901:566:GW1912172731st:4:1222:26677:36030': 2 -> 3
[bam_fillmd1] different MD for read 'GWNJ-0901:566:GW1912172731st:4:1222:26677:36030': '107G30G9' -> '102R4G30G9'
[bam_fillmd1] different NM for read 'GWNJ-0901:566:GW1912172731st:4:2208:10866:61064': 1 -> 2
[bam_fillmd1] different MD for read 'GWNJ-0901:566:GW1912172731st:4:2208:10866:61064': '149G0' -> '144R4G0'
[bam_fillmd1] different NM for read 'GWNJ-0901:566:GW1912172731st:4:1103:12560:36504': 1 -> 2
[bam_fillmd1] different MD for read 'GWNJ-0901:566:GW1912172731st:4:1103:12560:36504': '146G3' -> '141R4G3'
[bam_fillmd1] different NM for read 'GWNJ-0901:566:GW1912172731st:4:1214:6329:52854': 2 -> 3
[bam_fillmd1] different MD for read 'GWNJ-0901:566:GW1912172731st:4:1214:6329:52854': '121G19G8' -> '121G14R4G8'
[bam_fillmd1] different NM for read 'GWNJ-0901:566:GW1912172731st:4:2202:22049:36873': 1 -> 2
[bam_fillmd1] different MD for read 'GWNJ-0901:566:GW1912172731st:4:2202:22049:36873': '120G29' -> '115R4G29'
[bam_fillmd1] different NM for read 'GWNJ-0901:566:GW1912172731st:4:1222:26677:36030': 2 -> 3
[bam_fillmd1] different MD for read 'GWNJ-0901:566:GW1912172731st:4:1222:26677:36030': '107G30G9' -> '102R4G30G9'
[bam_fillmd1] different NM for read 'GWNJ-0901:566:GW1912172731st:4:1222:26677:36030': 2 -> 3
[bam_fillmd1] different MD for read 'GWNJ-0901:566:GW1912172731st:4:1222:26677:36030': '107G30G9' -> '102R4G30G9'
[bam_fillmd1] different MD for read 'GWNJ-1012:310:GW200515585th:1:1256:19587:34350': '66G62A20' -> '66G62Y20'
[bam_fillmd1] different MD for read 'GWNJ-1012:310:GW200515585th:1:1532:9995:12446': '22T22G4C23T4G24T5C3T2G2T2G2A2T6C13' -> '22T22G4C23T4G24T5C3T2G2T2G2Y2T6C13'
[bam_fillmd1] different MD for read 'GWNJ-1012:310:GW200515585th:1:1148:20057:16971': '125A24' -> '125Y24'
[bam_fillmd1] different MD for read 'GWNJ-1012:310:GW200515585th:1:1256:19587:34350': '66G62A20' -> '66G62Y20'
[bam_fillmd1] different MD for read 'GWNJ-1012:310:GW200515585th:1:1532:9995:12446': '22T22G4C23T4G24T5C3T2G2T2G2A2T6C13' -> '22T22G4C23T4G24T5C3T2G2T2G2Y2T6C13'
[bam_fillmd1] different MD for read 'GWNJ-1012:310:GW200515585th:1:1148:20057:16971': '125A24' -> '125Y24'
[bam_fillmd1] different MD for read 'GWNJ-1012:310:GW200515585th:1:2348:6949:29590': '143A6' -> '143Y6'
[bam_fillmd1] different MD for read 'GWNJ-1012:310:GW200515585th:1:1138:31286:20666': '135A14' -> '135Y14'
[bam_fillmd1] different MD for read 'GWNJ-1012:310:GW200515585th:1:1571:6189:6637': '135A8' -> '135Y8'
[bam_fillmd1] different MD for read 'GWNJ-1012:310:GW200515585th:1:1571:6189:6637': '135A8' -> '135Y8'
[bam_fillmd1] different MD for read 'GWNJ-1012:310:GW200515585th:1:2515:23728:30467': '131A18' -> '131Y18'
[bam_fillmd1] different MD for read 'GWNJ-1012:310:GW200515585th:1:2109:11966:32769': '121A23' -> '121Y23'
[bam_fillmd1] different MD for read 'GWNJ-1012:310:GW200515585th:1:2109:11966:32769': '121A23' -> '121Y23'
[bam_fillmd1] different MD for read 'GWNJ-1012:310:GW200515585th:1:2253:21070:21136': '121A28' -> '121Y28'
[bam_fillmd1] different MD for read 'GWNJ-1012:310:GW200515585th:1:2348:6949:29590': '143A6' -> '143Y6'
[bam_fillmd1] different MD for read 'GWNJ-1012:310:GW200515585th:1:1138:31286:20666': '135A14' -> '135Y14'
[bam_fillmd1] different MD for read 'GWNJ-1012:310:GW200515585th:1:1571:6189:6637': '135A8' -> '135Y8'
[bam_fillmd1] different MD for read 'GWNJ-1012:310:GW200515585th:1:1571:6189:6637': '135A8' -> '135Y8'
[bam_fillmd1] different MD for read 'GWNJ-1012:310:GW200515585th:1:2515:23728:30467': '131A18' -> '131Y18'
[bam_fillmd1] different MD for read 'GWNJ-1012:310:GW200515585th:1:2109:11966:32769': '121A23' -> '121Y23'
[bam_fillmd1] different MD for read 'GWNJ-1012:310:GW200515585th:1:2109:11966:32769': '121A23' -> '121Y23'
[bam_fillmd1] different MD for read 'GWNJ-1012:310:GW200515585th:1:2253:21070:21136': '121A28' -> '121Y28'
[bam_fillmd1] different MD for read 'GWNJ-1012:310:GW200515585th:1:1256:19587:34350': '66G62A20' -> '66G62Y20'
[bam_fillmd1] different MD for read 'GWNJ-1012:310:GW200515585th:1:1532:9995:12446': '22T22G4C23T4G24T5C3T2G2T2G2A2T6C13' -> '22T22G4C23T4G24T5C3T2G2T2G2Y2T6C13'
[bam_fillmd1] different MD for read 'GWNJ-1012:310:GW200515585th:1:1148:20057:16971': '125A24' -> '125Y24'
[bam_fillmd1] different MD for read 'GWNJ-1012:310:GW200515585th:1:1256:19587:34350': '66G62A20' -> '66G62Y20'
[bam_fillmd1] different MD for read 'GWNJ-1012:310:GW200515585th:1:1532:9995:12446': '22T22G4C23T4G24T5C3T2G2T2G2A2T6C13' -> '22T22G4C23T4G24T5C3T2G2T2G2Y2T6C13'
[bam_fillmd1] different MD for read 'GWNJ-1012:310:GW200515585th:1:1148:20057:16971': '125A24' -> '125Y24'
[bam_fillmd1] different MD for read 'GWNJ-1012:310:GW200515585th:1:2348:6949:29590': '143A6' -> '143Y6'
[bam_fillmd1] different MD for read 'GWNJ-1012:310:GW200515585th:1:1138:31286:20666': '135A14' -> '135Y14'
[bam_fillmd1] different MD for read 'GWNJ-1012:310:GW200515585th:1:1571:6189:6637': '135A8' -> '135Y8'
[bam_fillmd1] different MD for read 'GWNJ-1012:310:GW200515585th:1:1571:6189:6637': '135A8' -> '135Y8'
[bam_fillmd1] different MD for read 'GWNJ-1012:310:GW200515585th:1:2515:23728:30467': '131A18' -> '131Y18'
[bam_fillmd1] different MD for read 'GWNJ-1012:310:GW200515585th:1:2109:11966:32769': '121A23' -> '121Y23'
[bam_fillmd1] different MD for read 'GWNJ-1012:310:GW200515585th:1:2109:11966:32769': '121A23' -> '121Y23'
[bam_fillmd1] different MD for read 'GWNJ-1012:310:GW200515585th:1:2253:21070:21136': '121A28' -> '121Y28'
[bam_fillmd1] different MD for read 'GWNJ-1012:310:GW200515585th:1:2348:6949:29590': '143A6' -> '143Y6'
[bam_fillmd1] different MD for read 'GWNJ-1012:310:GW200515585th:1:1138:31286:20666': '135A14' -> '135Y14'
[bam_fillmd1] different MD for read 'GWNJ-1012:310:GW200515585th:1:1571:6189:6637': '135A8' -> '135Y8'
[bam_fillmd1] different MD for read 'GWNJ-1012:310:GW200515585th:1:1571:6189:6637': '135A8' -> '135Y8'
[bam_fillmd1] different MD for read 'GWNJ-1012:310:GW200515585th:1:2515:23728:30467': '131A18' -> '131Y18'
[bam_fillmd1] different MD for read 'GWNJ-1012:310:GW200515585th:1:2109:11966:32769': '121A23' -> '121Y23'
[bam_fillmd1] different MD for read 'GWNJ-1012:310:GW200515585th:1:2109:11966:32769': '121A23' -> '121Y23'
[bam_fillmd1] different MD for read 'GWNJ-1012:310:GW200515585th:1:2253:21070:21136': '121A28' -> '121Y28'
